android/Application/build/outputs/logs/manifest-merger-debug-report.txt
-- Merging decision tree log ---
manifest
ADDED from AndroidManifest.xml:18:1
	package
		ADDED from AndroidManifest.xml:19:5
	android:versionName
		ADDED from AndroidManifest.xml:21:5
	android:versionCode
		ADDED from AndroidManifest.xml:20:5
		INJECTED from AndroidManifest.xml:0:0
		INJECTED from AndroidManifest.xml:0:0
	xmlns:android
		ADDED from AndroidManifest.xml:18:11
uses-permission#android.permission.INTERNET
ADDED from AndroidManifest.xml:29:5
	android:name
		ADDED from AndroidManifest.xml:29:22
uses-permission#android.permission.ACCESS_NETWORK_STATE
ADDED from AndroidManifest.xml:30:5
	android:name
		ADDED from AndroidManifest.xml:30:22
uses-permission#android.permission.BLUETOOTH
ADDED from AndroidManifest.xml:32:5
	android:name
		ADDED from AndroidManifest.xml:32:22
uses-permission#android.permission.BLUETOOTH_ADMIN
ADDED from AndroidManifest.xml:33:5
	android:name
		ADDED from AndroidManifest.xml:33:22
uses-feature#android.hardware.bluetooth_le
ADDED from AndroidManifest.xml:36:5
	android:required
		ADDED from AndroidManifest.xml:36:64
	android:name
		ADDED from AndroidManifest.xml:36:19
application
ADDED from AndroidManifest.xml:38:5
MERGED from com.android.support:support-v4:23.0.0:22:5
MERGED from com.android.support:gridlayout-v7:23.0.0:22:5
MERGED from com.android.support:support-v4:23.0.0:22:5
MERGED from com.android.support:cardview-v7:23.0.0:22:5
MERGED from com.android.support:appcompat-v7:18.0.0:19:5
MERGED from com.android.support:support-v4:23.0.0:22:5
MERGED from com.mcxiaoke.volley:library-aar:1.0.0:5:5
	android:label
		ADDED from AndroidManifest.xml:40:9
	android:icon
		ADDED from AndroidManifest.xml:39:9
	android:theme
		ADDED from AndroidManifest.xml:41:9
	android:name
		ADDED from AndroidManifest.xml:42:9
activity#com.example.android.actionbarcompat.styled.MainActivity
ADDED from AndroidManifest.xml:44:9
	android:name
		ADDED from AndroidManifest.xml:44:19
intent-filter#android.intent.action.MAIN+android.intent.category.LAUNCHER
ADDED from AndroidManifest.xml:47:13
action#android.intent.action.MAIN
ADDED from AndroidManifest.xml:48:17
	android:name
		ADDED from AndroidManifest.xml:48:25
category#android.intent.category.LAUNCHER
ADDED from AndroidManifest.xml:49:17
	android:name
		ADDED from AndroidManifest.xml:49:27
meta-data#android.support.UI_OPTIONS
ADDED from AndroidManifest.xml:57:13
	android:value
		ADDED from AndroidManifest.xml:59:17
	android:name
		ADDED from AndroidManifest.xml:58:17
activity#com.example.android.actionbarcompat.styled.LoginActivity
ADDED from AndroidManifest.xml:63:9
	android:name
		ADDED from AndroidManifest.xml:63:19
uses-sdk
INJECTED from AndroidManifest.xml:0:0 reason: use-sdk injection requested
MERGED from com.android.support:support-v4:23.0.0:20:5
MERGED from com.android.support:gridlayout-v7:23.0.0:20:5
MERGED from com.android.support:support-v4:23.0.0:20:5
MERGED from com.android.support:cardview-v7:23.0.0:20:5
MERGED from com.android.support:appcompat-v7:18.0.0:18:5
MERGED from com.android.support:support-v4:23.0.0:20:5
MERGED from com.mcxiaoke.volley:library-aar:1.0.0:3:5
	android:targetSdkVersion
		INJECTED from AndroidManifest.xml:0:0
		INJECTED from AndroidManifest.xml:0:0
	android:minSdkVersion
		INJECTED from AndroidManifest.xml:0:0
		INJECTED from AndroidManifest.xml:0:0